<?xml version="1.0" encoding="UTF-8"?>
<!-- Generated by org.testng.reporters.JUnitReportReporter -->
<testsuite hostname="YLMF-1610161706" name="doc.DocLoginTestOne" tests="1" failures="0" timestamp="23 Feb 2017 08:49:43 GMT" time="60.475" errors="0">
  <testcase name="clickuserloginbutton" time="60.475" classname="doc.DocLoginTestOne"/>
</testsuite> <!-- doc.DocLoginTestOne -->
